<?xml version="1.0" encoding="UTF-8"?>
<testsuite name="com.cloudservices.eurekaclient.EurekaClientServiceApplicationTests" tests="1" skipped="0" failures="0" errors="0" timestamp="2019-09-07T23:55:22" hostname="siddalisMacBook" time="0.215">
  <properties/>
  <testcase name="contextLoads" classname="com.cloudservices.eurekaclient.EurekaClientServiceApplicationTests" time="0.215"/>
  <system-out><![CDATA[19:55:14.258 [Test worker] DEBUG org.springframework.test.context.junit4.SpringJUnit4ClassRunner - SpringJUnit4ClassRunner constructor called with [class com.cloudservices.eurekaclient.EurekaClientServiceApplicationTests]
19:55:14.266 [Test worker] DEBUG org.springframework.test.context.BootstrapUtils - Instantiating CacheAwareContextLoaderDelegate from class [org.springframework.test.context.cache.DefaultCacheAwareContextLoaderDelegate]
19:55:14.274 [Test worker] DEBUG org.springframework.test.context.BootstrapUtils - Instantiating BootstrapContext using constructor [public org.springframework.test.context.support.DefaultBootstrapContext(java.lang.Class,org.springframework.test.context.CacheAwareContextLoaderDelegate)]
19:55:14.298 [Test worker] DEBUG org.springframework.test.context.BootstrapUtils - Instantiating TestContextBootstrapper for test class [com.cloudservices.eurekaclient.EurekaClientServiceApplicationTests] from class [org.springframework.boot.test.context.SpringBootTestContextBootstrapper]
19:55:14.319 [Test worker] INFO org.springframework.boot.test.context.SpringBootTestContextBootstrapper - Neither @ContextConfiguration nor @ContextHierarchy found for test class [com.cloudservices.eurekaclient.EurekaClientServiceApplicationTests], using SpringBootContextLoader
19:55:14.324 [Test worker] DEBUG org.springframework.test.context.support.AbstractContextLoader - Did not detect default resource location for test class [com.cloudservices.eurekaclient.EurekaClientServiceApplicationTests]: class path resource [com/cloudservices/eurekaclient/EurekaClientServiceApplicationTests-context.xml] does not exist
19:55:14.325 [Test worker] DEBUG org.springframework.test.context.support.AbstractContextLoader - Did not detect default resource location for test class [com.cloudservices.eurekaclient.EurekaClientServiceApplicationTests]: class path resource [com/cloudservices/eurekaclient/EurekaClientServiceApplicationTestsContext.groovy] does not exist
19:55:14.325 [Test worker] INFO org.springframework.test.context.support.AbstractContextLoader - Could not detect default resource locations for test class [com.cloudservices.eurekaclient.EurekaClientServiceApplicationTests]: no resource found for suffixes {-context.xml, Context.groovy}.
19:55:14.326 [Test worker] INFO org.springframework.test.context.support.AnnotationConfigContextLoaderUtils - Could not detect default configuration classes for test class [com.cloudservices.eurekaclient.EurekaClientServiceApplicationTests]: EurekaClientServiceApplicationTests does not declare any static, non-private, non-final, nested classes annotated with @Configuration.
19:55:14.371 [Test worker] DEBUG org.springframework.test.context.support.ActiveProfilesUtils - Could not find an 'annotation declaring class' for annotation type [org.springframework.test.context.ActiveProfiles] and class [com.cloudservices.eurekaclient.EurekaClientServiceApplicationTests]
19:55:14.460 [Test worker] DEBUG org.springframework.context.annotation.ClassPathScanningCandidateComponentProvider - Identified candidate component class: file [/Users/siddalinganayak/workspace/projects/person-client-api/build/classes/java/main/com/cloudservices/eurekaclient/EurekaClientServiceApplication.class]
19:55:14.461 [Test worker] INFO org.springframework.boot.test.context.SpringBootTestContextBootstrapper - Found @SpringBootConfiguration com.cloudservices.eurekaclient.EurekaClientServiceApplication for test class com.cloudservices.eurekaclient.EurekaClientServiceApplicationTests
19:55:14.617 [Test worker] DEBUG org.springframework.boot.test.context.SpringBootTestContextBootstrapper - @TestExecutionListeners is not present for class [com.cloudservices.eurekaclient.EurekaClientServiceApplicationTests]: using defaults.
19:55:14.618 [Test worker] INFO org.springframework.boot.test.context.SpringBootTestContextBootstrapper - Loaded default TestExecutionListener class names from location [META-INF/spring.factories]: [org.springframework.boot.test.autoconfigure.restdocs.RestDocsTestExecutionListener, org.springframework.boot.test.autoconfigure.web.client.MockRestServiceServerResetTestExecutionListener, org.springframework.boot.test.autoconfigure.web.servlet.MockMvcPrintOnlyOnFailureTestExecutionListener, org.springframework.boot.test.autoconfigure.web.servlet.WebDriverTestExecutionListener, org.springframework.boot.test.mock.mockito.MockitoTestExecutionListener, org.springframework.boot.test.mock.mockito.ResetMocksTestExecutionListener, org.springframework.test.context.web.ServletTestExecutionListener, org.springframework.test.context.support.DirtiesContextBeforeModesTestExecutionListener, org.springframework.test.context.support.DependencyInjectionTestExecutionListener, org.springframework.test.context.support.DirtiesContextTestExecutionListener, org.springframework.test.context.transaction.TransactionalTestExecutionListener, org.springframework.test.context.jdbc.SqlScriptsTestExecutionListener]
19:55:14.629 [Test worker] DEBUG org.springframework.boot.test.context.SpringBootTestContextBootstrapper - Skipping candidate TestExecutionListener [org.springframework.test.context.transaction.TransactionalTestExecutionListener] due to a missing dependency. Specify custom listener classes or make the default listener classes and their required dependencies available. Offending class: [org/springframework/transaction/interceptor/TransactionAttributeSource]
19:55:14.630 [Test worker] DEBUG org.springframework.boot.test.context.SpringBootTestContextBootstrapper - Skipping candidate TestExecutionListener [org.springframework.test.context.jdbc.SqlScriptsTestExecutionListener] due to a missing dependency. Specify custom listener classes or make the default listener classes and their required dependencies available. Offending class: [org/springframework/transaction/interceptor/TransactionAttribute]
19:55:14.630 [Test worker] INFO org.springframework.boot.test.context.SpringBootTestContextBootstrapper - Using TestExecutionListeners: [org.springframework.test.context.web.ServletTestExecutionListener@44746401, org.springframework.test.context.support.DirtiesContextBeforeModesTestExecutionListener@3e7d38ac, org.springframework.boot.test.mock.mockito.MockitoTestExecutionListener@354741bd, org.springframework.boot.test.autoconfigure.SpringBootDependencyInjectionTestExecutionListener@5e9bb38b, org.springframework.test.context.support.DirtiesContextTestExecutionListener@39a88035, org.springframework.boot.test.autoconfigure.restdocs.RestDocsTestExecutionListener@6e4767f4, org.springframework.boot.test.autoconfigure.web.client.MockRestServiceServerResetTestExecutionListener@61828928, org.springframework.boot.test.autoconfigure.web.servlet.MockMvcPrintOnlyOnFailureTestExecutionListener@62067978, org.springframework.boot.test.autoconfigure.web.servlet.WebDriverTestExecutionListener@1fd2f425, org.springframework.boot.test.mock.mockito.ResetMocksTestExecutionListener@4aff48ec]
19:55:14.634 [Test worker] DEBUG org.springframework.test.annotation.ProfileValueUtils - Retrieved @ProfileValueSourceConfiguration [null] for test class [com.cloudservices.eurekaclient.EurekaClientServiceApplicationTests]
19:55:14.634 [Test worker] DEBUG org.springframework.test.annotation.ProfileValueUtils - Retrieved ProfileValueSource type [class org.springframework.test.annotation.SystemProfileValueSource] for class [com.cloudservices.eurekaclient.EurekaClientServiceApplicationTests]
19:55:14.635 [Test worker] DEBUG org.springframework.test.annotation.ProfileValueUtils - Retrieved @ProfileValueSourceConfiguration [null] for test class [com.cloudservices.eurekaclient.EurekaClientServiceApplicationTests]
19:55:14.635 [Test worker] DEBUG org.springframework.test.annotation.ProfileValueUtils - Retrieved ProfileValueSource type [class org.springframework.test.annotation.SystemProfileValueSource] for class [com.cloudservices.eurekaclient.EurekaClientServiceApplicationTests]
19:55:14.640 [Test worker] DEBUG org.springframework.test.context.support.AbstractDirtiesContextTestExecutionListener - Before test class: context [DefaultTestContext@78e38f07 testClass = EurekaClientServiceApplicationTests, testInstance = [null], testMethod = [null], testException = [null], mergedContextConfiguration = [WebMergedContextConfiguration@6af5e543 testClass = EurekaClientServiceApplicationTests, locations = '{}', classes = '{class com.cloudservices.eurekaclient.EurekaClientServiceApplication}', contextInitializerClasses = '[]', activeProfiles = '{}', propertySourceLocations = '{}', propertySourceProperties = '{org.springframework.boot.test.context.SpringBootTestContextBootstrapper=true}', contextCustomizers = set[org.springframework.boot.test.autoconfigure.properties.PropertyMappingContextCustomizer@0, org.springframework.boot.test.autoconfigure.web.servlet.WebDriverContextCustomizerFactory$Customizer@5906a127, org.springframework.boot.test.context.filter.ExcludeFilterContextCustomizer@6328357a, org.springframework.boot.test.json.DuplicateJsonObjectContextCustomizerFactory$DuplicateJsonObjectContextCustomizer@738935ca, org.springframework.boot.test.mock.mockito.MockitoContextCustomizer@0, org.springframework.boot.test.web.client.TestRestTemplateContextCustomizer@13ddd816], resourceBasePath = 'src/main/webapp', contextLoader = 'org.springframework.boot.test.context.SpringBootContextLoader', parent = [null]], attributes = map['org.springframework.test.context.web.ServletTestExecutionListener.activateListener' -> true]], class annotated with @DirtiesContext [false] with mode [null].
19:55:14.640 [Test worker] DEBUG org.springframework.test.annotation.ProfileValueUtils - Retrieved @ProfileValueSourceConfiguration [null] for test class [com.cloudservices.eurekaclient.EurekaClientServiceApplicationTests]
19:55:14.641 [Test worker] DEBUG org.springframework.test.annotation.ProfileValueUtils - Retrieved ProfileValueSource type [class org.springframework.test.annotation.SystemProfileValueSource] for class [com.cloudservices.eurekaclient.EurekaClientServiceApplicationTests]
19:55:14.665 [Test worker] DEBUG org.springframework.test.context.support.TestPropertySourceUtils - Adding inlined properties to environment: {spring.jmx.enabled=false, org.springframework.boot.test.context.SpringBootTestContextBootstrapper=true, server.port=-1}
2019-09-07 19:55:15.640  INFO 4041 --- [    Test worker] trationDelegate$BeanPostProcessorChecker : Bean 'configurationPropertiesRebinderAutoConfiguration' of type [org.springframework.cloud.autoconfigure.ConfigurationPropertiesRebinderAutoConfiguration$$EnhancerBySpringCGLIB$$367a8631] is not eligible for getting processed by all BeanPostProcessors (for example: not eligible for auto-proxying)

  .   ____          _            __ _ _
 /\\ / ___'_ __ _ _(_)_ __  __ _ \ \ \ \
( ( )\___ | '_ | '_| | '_ \/ _` | \ \ \ \
 \\/  ___)| |_)| | | | | || (_| |  ) ) ) )
  '  |____| .__|_| |_|_| |_\__, | / / / /
 =========|_|==============|___/=/_/_/_/
 :: Spring Boot ::        (v2.1.7.RELEASE)

2019-09-07 19:55:16.210  INFO 4041 --- [    Test worker] .c.e.EurekaClientServiceApplicationTests : No active profile set, falling back to default profiles: default
2019-09-07 19:55:17.335  WARN 4041 --- [    Test worker] o.s.boot.actuate.endpoint.EndpointId     : Endpoint ID 'service-registry' contains invalid characters, please migrate to a valid format.
2019-09-07 19:55:17.348  WARN 4041 --- [    Test worker] o.s.boot.actuate.endpoint.EndpointId     : Endpoint ID 'hystrix.stream' contains invalid characters, please migrate to a valid format.
2019-09-07 19:55:17.736  INFO 4041 --- [    Test worker] o.s.cloud.context.scope.GenericScope     : BeanFactory id=852105e2-e41f-388e-a5d6-d643db2ff4b1
2019-09-07 19:55:18.317  INFO 4041 --- [    Test worker] trationDelegate$BeanPostProcessorChecker : Bean 'org.springframework.cloud.autoconfigure.ConfigurationPropertiesRebinderAutoConfiguration' of type [org.springframework.cloud.autoconfigure.ConfigurationPropertiesRebinderAutoConfiguration$$EnhancerBySpringCGLIB$$367a8631] is not eligible for getting processed by all BeanPostProcessors (for example: not eligible for auto-proxying)
2019-09-07 19:55:18.994  WARN 4041 --- [    Test worker] c.n.c.sources.URLConfigurationSource     : No URLs will be polled as dynamic configuration sources.
2019-09-07 19:55:18.994  INFO 4041 --- [    Test worker] c.n.c.sources.URLConfigurationSource     : To enable URLs as dynamic configuration sources, define System property archaius.configurationSource.additionalUrls or make config.properties available on classpath.
2019-09-07 19:55:19.009  WARN 4041 --- [    Test worker] c.n.c.sources.URLConfigurationSource     : No URLs will be polled as dynamic configuration sources.
2019-09-07 19:55:19.010  INFO 4041 --- [    Test worker] c.n.c.sources.URLConfigurationSource     : To enable URLs as dynamic configuration sources, define System property archaius.configurationSource.additionalUrls or make config.properties available on classpath.
2019-09-07 19:55:19.890  INFO 4041 --- [    Test worker] o.s.s.concurrent.ThreadPoolTaskExecutor  : Initializing ExecutorService 'applicationTaskExecutor'
2019-09-07 19:55:22.090  INFO 4041 --- [    Test worker] o.s.b.a.e.web.EndpointLinksResolver      : Exposing 2 endpoint(s) beneath base path '/actuator'
2019-09-07 19:55:22.217  INFO 4041 --- [    Test worker] .c.e.EurekaClientServiceApplicationTests : Started EurekaClientServiceApplicationTests in 7.538 seconds (JVM running for 8.935)
]]></system-out>
  <system-err><![CDATA[]]></system-err>
</testsuite>
