<?xml version="1.0" encoding="UTF-8"?>
<testsuite name="com.cloudservices.eurekaclient.EurekaClientServiceApplicationTests" tests="1" skipped="0" failures="0" errors="0" timestamp="2019-10-07T02:24:45" hostname="siddalisMacBook" time="0.597">
  <properties/>
  <testcase name="contextLoads" classname="com.cloudservices.eurekaclient.EurekaClientServiceApplicationTests" time="0.597"/>
  <system-out><![CDATA[22:24:38.699 [Test worker] DEBUG org.springframework.test.context.junit4.SpringJUnit4ClassRunner - SpringJUnit4ClassRunner constructor called with [class com.cloudservices.eurekaclient.EurekaClientServiceApplicationTests]
22:24:38.712 [Test worker] DEBUG org.springframework.test.context.BootstrapUtils - Instantiating CacheAwareContextLoaderDelegate from class [org.springframework.test.context.cache.DefaultCacheAwareContextLoaderDelegate]
22:24:38.723 [Test worker] DEBUG org.springframework.test.context.BootstrapUtils - Instantiating BootstrapContext using constructor [public org.springframework.test.context.support.DefaultBootstrapContext(java.lang.Class,org.springframework.test.context.CacheAwareContextLoaderDelegate)]
22:24:38.749 [Test worker] DEBUG org.springframework.test.context.BootstrapUtils - Instantiating TestContextBootstrapper for test class [com.cloudservices.eurekaclient.EurekaClientServiceApplicationTests] from class [org.springframework.boot.test.context.SpringBootTestContextBootstrapper]
22:24:38.764 [Test worker] INFO org.springframework.boot.test.context.SpringBootTestContextBootstrapper - Neither @ContextConfiguration nor @ContextHierarchy found for test class [com.cloudservices.eurekaclient.EurekaClientServiceApplicationTests], using SpringBootContextLoader
22:24:38.768 [Test worker] DEBUG org.springframework.test.context.support.AbstractContextLoader - Did not detect default resource location for test class [com.cloudservices.eurekaclient.EurekaClientServiceApplicationTests]: class path resource [com/cloudservices/eurekaclient/EurekaClientServiceApplicationTests-context.xml] does not exist
22:24:38.770 [Test worker] DEBUG org.springframework.test.context.support.AbstractContextLoader - Did not detect default resource location for test class [com.cloudservices.eurekaclient.EurekaClientServiceApplicationTests]: class path resource [com/cloudservices/eurekaclient/EurekaClientServiceApplicationTestsContext.groovy] does not exist
22:24:38.770 [Test worker] INFO org.springframework.test.context.support.AbstractContextLoader - Could not detect default resource locations for test class [com.cloudservices.eurekaclient.EurekaClientServiceApplicationTests]: no resource found for suffixes {-context.xml, Context.groovy}.
22:24:38.772 [Test worker] INFO org.springframework.test.context.support.AnnotationConfigContextLoaderUtils - Could not detect default configuration classes for test class [com.cloudservices.eurekaclient.EurekaClientServiceApplicationTests]: EurekaClientServiceApplicationTests does not declare any static, non-private, non-final, nested classes annotated with @Configuration.
22:24:38.840 [Test worker] DEBUG org.springframework.test.context.support.ActiveProfilesUtils - Could not find an 'annotation declaring class' for annotation type [org.springframework.test.context.ActiveProfiles] and class [com.cloudservices.eurekaclient.EurekaClientServiceApplicationTests]
22:24:38.934 [Test worker] DEBUG org.springframework.context.annotation.ClassPathScanningCandidateComponentProvider - Identified candidate component class: file [/Users/siddalinganayak/workspace/projects/person-client-api/build/classes/java/main/com/cloudservices/eurekaclient/EurekaClientServiceApplication.class]
22:24:38.935 [Test worker] INFO org.springframework.boot.test.context.SpringBootTestContextBootstrapper - Found @SpringBootConfiguration com.cloudservices.eurekaclient.EurekaClientServiceApplication for test class com.cloudservices.eurekaclient.EurekaClientServiceApplicationTests
22:24:39.065 [Test worker] DEBUG org.springframework.boot.test.context.SpringBootTestContextBootstrapper - @TestExecutionListeners is not present for class [com.cloudservices.eurekaclient.EurekaClientServiceApplicationTests]: using defaults.
22:24:39.066 [Test worker] INFO org.springframework.boot.test.context.SpringBootTestContextBootstrapper - Loaded default TestExecutionListener class names from location [META-INF/spring.factories]: [org.springframework.boot.test.autoconfigure.restdocs.RestDocsTestExecutionListener, org.springframework.boot.test.autoconfigure.web.client.MockRestServiceServerResetTestExecutionListener, org.springframework.boot.test.autoconfigure.web.servlet.MockMvcPrintOnlyOnFailureTestExecutionListener, org.springframework.boot.test.autoconfigure.web.servlet.WebDriverTestExecutionListener, org.springframework.boot.test.mock.mockito.MockitoTestExecutionListener, org.springframework.boot.test.mock.mockito.ResetMocksTestExecutionListener, org.springframework.test.context.web.ServletTestExecutionListener, org.springframework.test.context.support.DirtiesContextBeforeModesTestExecutionListener, org.springframework.test.context.support.DependencyInjectionTestExecutionListener, org.springframework.test.context.support.DirtiesContextTestExecutionListener, org.springframework.test.context.transaction.TransactionalTestExecutionListener, org.springframework.test.context.jdbc.SqlScriptsTestExecutionListener]
22:24:39.081 [Test worker] DEBUG org.springframework.boot.test.context.SpringBootTestContextBootstrapper - Skipping candidate TestExecutionListener [org.springframework.test.context.transaction.TransactionalTestExecutionListener] due to a missing dependency. Specify custom listener classes or make the default listener classes and their required dependencies available. Offending class: [org/springframework/transaction/interceptor/TransactionAttributeSource]
22:24:39.082 [Test worker] DEBUG org.springframework.boot.test.context.SpringBootTestContextBootstrapper - Skipping candidate TestExecutionListener [org.springframework.test.context.jdbc.SqlScriptsTestExecutionListener] due to a missing dependency. Specify custom listener classes or make the default listener classes and their required dependencies available. Offending class: [org/springframework/transaction/interceptor/TransactionAttribute]
22:24:39.087 [Test worker] INFO org.springframework.boot.test.context.SpringBootTestContextBootstrapper - Using TestExecutionListeners: [org.springframework.test.context.web.ServletTestExecutionListener@692850b8, org.springframework.test.context.support.DirtiesContextBeforeModesTestExecutionListener@3e316908, org.springframework.boot.test.mock.mockito.MockitoTestExecutionListener@4fd61593, org.springframework.boot.test.autoconfigure.SpringBootDependencyInjectionTestExecutionListener@1cb9887b, org.springframework.test.context.support.DirtiesContextTestExecutionListener@373fa6c4, org.springframework.boot.test.autoconfigure.restdocs.RestDocsTestExecutionListener@2f3e002, org.springframework.boot.test.autoconfigure.web.client.MockRestServiceServerResetTestExecutionListener@7d761742, org.springframework.boot.test.autoconfigure.web.servlet.MockMvcPrintOnlyOnFailureTestExecutionListener@2ddca2c7, org.springframework.boot.test.autoconfigure.web.servlet.WebDriverTestExecutionListener@679f383e, org.springframework.boot.test.mock.mockito.ResetMocksTestExecutionListener@7af1273f]
22:24:39.093 [Test worker] DEBUG org.springframework.test.annotation.ProfileValueUtils - Retrieved @ProfileValueSourceConfiguration [null] for test class [com.cloudservices.eurekaclient.EurekaClientServiceApplicationTests]
22:24:39.094 [Test worker] DEBUG org.springframework.test.annotation.ProfileValueUtils - Retrieved ProfileValueSource type [class org.springframework.test.annotation.SystemProfileValueSource] for class [com.cloudservices.eurekaclient.EurekaClientServiceApplicationTests]
22:24:39.095 [Test worker] DEBUG org.springframework.test.annotation.ProfileValueUtils - Retrieved @ProfileValueSourceConfiguration [null] for test class [com.cloudservices.eurekaclient.EurekaClientServiceApplicationTests]
22:24:39.095 [Test worker] DEBUG org.springframework.test.annotation.ProfileValueUtils - Retrieved ProfileValueSource type [class org.springframework.test.annotation.SystemProfileValueSource] for class [com.cloudservices.eurekaclient.EurekaClientServiceApplicationTests]
22:24:39.103 [Test worker] DEBUG org.springframework.test.context.support.AbstractDirtiesContextTestExecutionListener - Before test class: context [DefaultTestContext@12370453 testClass = EurekaClientServiceApplicationTests, testInstance = [null], testMethod = [null], testException = [null], mergedContextConfiguration = [WebMergedContextConfiguration@4e18bb50 testClass = EurekaClientServiceApplicationTests, locations = '{}', classes = '{class com.cloudservices.eurekaclient.EurekaClientServiceApplication}', contextInitializerClasses = '[]', activeProfiles = '{}', propertySourceLocations = '{}', propertySourceProperties = '{org.springframework.boot.test.context.SpringBootTestContextBootstrapper=true}', contextCustomizers = set[org.springframework.boot.test.autoconfigure.properties.PropertyMappingContextCustomizer@0, org.springframework.boot.test.autoconfigure.web.servlet.WebDriverContextCustomizerFactory$Customizer@69ba6da2, org.springframework.boot.test.context.filter.ExcludeFilterContextCustomizer@27fe9c1f, org.springframework.boot.test.json.DuplicateJsonObjectContextCustomizerFactory$DuplicateJsonObjectContextCustomizer@4c3797c8, org.springframework.boot.test.mock.mockito.MockitoContextCustomizer@0, org.springframework.boot.test.web.client.TestRestTemplateContextCustomizer@2cb0532d], resourceBasePath = 'src/main/webapp', contextLoader = 'org.springframework.boot.test.context.SpringBootContextLoader', parent = [null]], attributes = map['org.springframework.test.context.web.ServletTestExecutionListener.activateListener' -> true]], class annotated with @DirtiesContext [false] with mode [null].
22:24:39.105 [Test worker] DEBUG org.springframework.test.annotation.ProfileValueUtils - Retrieved @ProfileValueSourceConfiguration [null] for test class [com.cloudservices.eurekaclient.EurekaClientServiceApplicationTests]
22:24:39.105 [Test worker] DEBUG org.springframework.test.annotation.ProfileValueUtils - Retrieved ProfileValueSource type [class org.springframework.test.annotation.SystemProfileValueSource] for class [com.cloudservices.eurekaclient.EurekaClientServiceApplicationTests]
22:24:39.132 [Test worker] DEBUG org.springframework.test.context.support.TestPropertySourceUtils - Adding inlined properties to environment: {spring.jmx.enabled=false, org.springframework.boot.test.context.SpringBootTestContextBootstrapper=true, server.port=-1}
2019-10-06 22:24:39.633  INFO 4909 --- [    Test worker] o.s.core.annotation.AnnotationUtils      : Failed to introspect annotations on class org.springframework.cloud.netflix.eureka.config.EurekaDiscoveryClientConfigServiceBootstrapConfiguration: java.lang.IllegalStateException: Could not obtain annotation attribute value for public abstract java.lang.Class[] org.springframework.boot.autoconfigure.condition.ConditionalOnClass.value()
2019-10-06 22:24:40.017  INFO 4909 --- [    Test worker] trationDelegate$BeanPostProcessorChecker : Bean 'configurationPropertiesRebinderAutoConfiguration' of type [org.springframework.cloud.autoconfigure.ConfigurationPropertiesRebinderAutoConfiguration$$EnhancerBySpringCGLIB$$34131062] is not eligible for getting processed by all BeanPostProcessors (for example: not eligible for auto-proxying)

  .   ____          _            __ _ _
 /\\ / ___'_ __ _ _(_)_ __  __ _ \ \ \ \
( ( )\___ | '_ | '_| | '_ \/ _` | \ \ \ \
 \\/  ___)| |_)| | | | | || (_| |  ) ) ) )
  '  |____| .__|_| |_|_| |_\__, | / / / /
 =========|_|==============|___/=/_/_/_/
 :: Spring Boot ::        (v2.1.7.RELEASE)

2019-10-06 22:24:40.607  INFO 4909 --- [    Test worker] .c.e.EurekaClientServiceApplicationTests : No active profile set, falling back to default profiles: default
2019-10-06 22:24:41.729  WARN 4909 --- [    Test worker] o.s.boot.actuate.endpoint.EndpointId     : Endpoint ID 'service-registry' contains invalid characters, please migrate to a valid format.
2019-10-06 22:24:41.741  WARN 4909 --- [    Test worker] o.s.boot.actuate.endpoint.EndpointId     : Endpoint ID 'hystrix.stream' contains invalid characters, please migrate to a valid format.
2019-10-06 22:24:42.061  INFO 4909 --- [    Test worker] o.s.cloud.context.scope.GenericScope     : BeanFactory id=852105e2-e41f-388e-a5d6-d643db2ff4b1
2019-10-06 22:24:42.428  INFO 4909 --- [    Test worker] trationDelegate$BeanPostProcessorChecker : Bean 'org.springframework.cloud.autoconfigure.ConfigurationPropertiesRebinderAutoConfiguration' of type [org.springframework.cloud.autoconfigure.ConfigurationPropertiesRebinderAutoConfiguration$$EnhancerBySpringCGLIB$$34131062] is not eligible for getting processed by all BeanPostProcessors (for example: not eligible for auto-proxying)
2019-10-06 22:24:43.018  WARN 4909 --- [    Test worker] c.n.c.sources.URLConfigurationSource     : No URLs will be polled as dynamic configuration sources.
2019-10-06 22:24:43.018  INFO 4909 --- [    Test worker] c.n.c.sources.URLConfigurationSource     : To enable URLs as dynamic configuration sources, define System property archaius.configurationSource.additionalUrls or make config.properties available on classpath.
2019-10-06 22:24:43.029  WARN 4909 --- [    Test worker] c.n.c.sources.URLConfigurationSource     : No URLs will be polled as dynamic configuration sources.
2019-10-06 22:24:43.029  INFO 4909 --- [    Test worker] c.n.c.sources.URLConfigurationSource     : To enable URLs as dynamic configuration sources, define System property archaius.configurationSource.additionalUrls or make config.properties available on classpath.
2019-10-06 22:24:43.725  INFO 4909 --- [    Test worker] o.s.s.concurrent.ThreadPoolTaskExecutor  : Initializing ExecutorService 'applicationTaskExecutor'
2019-10-06 22:24:45.583  INFO 4909 --- [    Test worker] o.s.b.a.e.web.EndpointLinksResolver      : Exposing 2 endpoint(s) beneath base path '/actuator'
2019-10-06 22:24:45.701  INFO 4909 --- [    Test worker] .c.e.EurekaClientServiceApplicationTests : Started EurekaClientServiceApplicationTests in 6.557 seconds (JVM running for 8.018)
]]></system-out>
  <system-err><![CDATA[]]></system-err>
</testsuite>
